<?xml version="1.0" encoding="UTF-8"?>
<testsuite xmlns:xsi="http://www.w3.org/2001/XMLSchema-instance" xsi:noNamespaceSchemaLocation="https://maven.apache.org/surefire/maven-surefire-plugin/xsd/surefire-test-report-3.0.xsd" version="3.0" name="com.phasmidsoftware.dsaipg.sort.par.ParSortTest" time="0.178" tests="16" errors="2" skipped="0" failures="0">
  <properties>
[...]
</properties>
  <testcase name="testSortInvalidRangeKeepsArrayIntact" classname="com.phasmidsoftware.dsaipg.sort.par.ParSortTest" time="0.016"/>
  <testcase name="testSortNullArray" classname="com.phasmidsoftware.dsaipg.sort.par.ParSortTest" time="0.0"/>
  <testcase name="testSortEmptyArray" classname="com.phasmidsoftware.dsaipg.sort.par.ParSortTest" time="0.001"/>
  <testcase name="testSortOverlappingRange" classname="com.phasmidsoftware.dsaipg.sort.par.ParSortTest" time="0.0"/>
  <testcase name="testSortWithDuplicateValues" classname="com.phasmidsoftware.dsaipg.sort.par.ParSortTest" time="0.0"/>
  <testcase name="testSortPartialArray" classname="com.phasmidsoftware.dsaipg.sort.par.ParSortTest" time="0.001"/>
  <testcase name="testSortWithHighCutoff" classname="com.phasmidsoftware.dsaipg.sort.par.ParSortTest" time="0.001"/>
  <testcase name="testSortNegativeRange" classname="com.phasmidsoftware.dsaipg.sort.par.ParSortTest" time="0.003"/>
  <testcase name="testSortAllIdenticalElements" classname="com.phasmidsoftware.dsaipg.sort.par.ParSortTest" time="0.001"/>
  <testcase name="testSortReverseSortedArray" classname="com.phasmidsoftware.dsaipg.sort.par.ParSortTest" time="0.002"/>
  <testcase name="testSortRandomLargeArray" classname="com.phasmidsoftware.dsaipg.sort.par.ParSortTest" time="0.024">
    <error message="Cannot invoke &quot;java.util.concurrent.CompletableFuture.thenCombine(java.util.concurrent.CompletionStage, java.util.function.BiFunction)&quot; because &quot;completableFuture1&quot; is null" type="java.lang.NullPointerException"><![CDATA[java.lang.NullPointerException: Cannot invoke "java.util.concurrent.CompletableFuture.thenCombine(java.util.concurrent.CompletionStage, java.util.function.BiFunction)" because "completableFuture1" is null
	at com.phasmidsoftware.dsaipg.sort.par.ParSort.sort(ParSort.java:43)
	at com.phasmidsoftware.dsaipg.sort.par.ParSortTest.testSortRandomLargeArray(ParSortTest.java:87)
	at java.base/jdk.internal.reflect.DirectMethodHandleAccessor.invoke(DirectMethodHandleAccessor.java:104)
	at java.base/java.lang.reflect.Method.invoke(Method.java:578)
	at org.junit.runners.model.FrameworkMethod$1.runReflectiveCall(FrameworkMethod.java:59)
	at org.junit.internal.runners.model.ReflectiveCallable.run(ReflectiveCallable.java:12)
	at org.junit.runners.model.FrameworkMethod.invokeExplosively(FrameworkMethod.java:56)
	at org.junit.internal.runners.statements.InvokeMethod.evaluate(InvokeMethod.java:17)
	at org.junit.runners.ParentRunner$3.evaluate(ParentRunner.java:306)
	at org.junit.runners.BlockJUnit4ClassRunner$1.evaluate(BlockJUnit4ClassRunner.java:100)
	at org.junit.runners.ParentRunner.runLeaf(ParentRunner.java:366)
	at org.junit.runners.BlockJUnit4ClassRunner.runChild(BlockJUnit4ClassRunner.java:103)
	at org.junit.runners.BlockJUnit4ClassRunner.runChild(BlockJUnit4ClassRunner.java:63)
	at org.junit.runners.ParentRunner$4.run(ParentRunner.java:331)
	at org.junit.runners.ParentRunner$1.schedule(ParentRunner.java:79)
	at org.junit.runners.ParentRunner.runChildren(ParentRunner.java:329)
	at org.junit.runners.ParentRunner.access$100(ParentRunner.java:66)
	at org.junit.runners.ParentRunner$2.evaluate(ParentRunner.java:293)
	at org.junit.runners.ParentRunner$3.evaluate(ParentRunner.java:306)
	at org.junit.runners.ParentRunner.run(ParentRunner.java:413)
	at org.apache.maven.surefire.junit4.JUnit4Provider.execute(JUnit4Provider.java:316)
	at org.apache.maven.surefire.junit4.JUnit4Provider.executeWithRerun(JUnit4Provider.java:240)
	at org.apache.maven.surefire.junit4.JUnit4Provider.executeTestSet(JUnit4Provider.java:214)
	at org.apache.maven.surefire.junit4.JUnit4Provider.invoke(JUnit4Provider.java:155)
	at org.apache.maven.surefire.booter.ForkedBooter.runSuitesInProcess(ForkedBooter.java:385)
	at org.apache.maven.surefire.booter.ForkedBooter.execute(ForkedBooter.java:162)
	at org.apache.maven.surefire.booter.ForkedBooter.run(ForkedBooter.java:507)
	at org.apache.maven.surefire.booter.ForkedBooter.main(ForkedBooter.java:495)
]]></error>
  </testcase>
  <testcase name="testSortWithNegativeNumbers" classname="com.phasmidsoftware.dsaipg.sort.par.ParSortTest" time="0.0"/>
  <testcase name="testSortSmallArray" classname="com.phasmidsoftware.dsaipg.sort.par.ParSortTest" time="0.0"/>
  <testcase name="testSortAlreadySortedArray" classname="com.phasmidsoftware.dsaipg.sort.par.ParSortTest" time="0.001"/>
  <testcase name="testSortSingleElementArray" classname="com.phasmidsoftware.dsaipg.sort.par.ParSortTest" time="0.0"/>
  <testcase name="testSortLargeArray" classname="com.phasmidsoftware.dsaipg.sort.par.ParSortTest" time="0.003">
    <error message="Cannot invoke &quot;java.util.concurrent.CompletableFuture.thenCombine(java.util.concurrent.CompletionStage, java.util.function.BiFunction)&quot; because &quot;completableFuture1&quot; is null" type="java.lang.NullPointerException"><![CDATA[java.lang.NullPointerException: Cannot invoke "java.util.concurrent.CompletableFuture.thenCombine(java.util.concurrent.CompletionStage, java.util.function.BiFunction)" because "completableFuture1" is null
	at com.phasmidsoftware.dsaipg.sort.par.ParSort.sort(ParSort.java:43)
	at com.phasmidsoftware.dsaipg.sort.par.ParSortTest.testSortLargeArray(ParSortTest.java:29)
	at java.base/jdk.internal.reflect.DirectMethodHandleAccessor.invoke(DirectMethodHandleAccessor.java:104)
	at java.base/java.lang.reflect.Method.invoke(Method.java:578)
	at org.junit.runners.model.FrameworkMethod$1.runReflectiveCall(FrameworkMethod.java:59)
	at org.junit.internal.runners.model.ReflectiveCallable.run(ReflectiveCallable.java:12)
	at org.junit.runners.model.FrameworkMethod.invokeExplosively(FrameworkMethod.java:56)
	at org.junit.internal.runners.statements.InvokeMethod.evaluate(InvokeMethod.java:17)
	at org.junit.runners.ParentRunner$3.evaluate(ParentRunner.java:306)
	at org.junit.runners.BlockJUnit4ClassRunner$1.evaluate(BlockJUnit4ClassRunner.java:100)
	at org.junit.runners.ParentRunner.runLeaf(ParentRunner.java:366)
	at org.junit.runners.BlockJUnit4ClassRunner.runChild(BlockJUnit4ClassRunner.java:103)
	at org.junit.runners.BlockJUnit4ClassRunner.runChild(BlockJUnit4ClassRunner.java:63)
	at org.junit.runners.ParentRunner$4.run(ParentRunner.java:331)
	at org.junit.runners.ParentRunner$1.schedule(ParentRunner.java:79)
	at org.junit.runners.ParentRunner.runChildren(ParentRunner.java:329)
	at org.junit.runners.ParentRunner.access$100(ParentRunner.java:66)
	at org.junit.runners.ParentRunner$2.evaluate(ParentRunner.java:293)
	at org.junit.runners.ParentRunner$3.evaluate(ParentRunner.java:306)
	at org.junit.runners.ParentRunner.run(ParentRunner.java:413)
	at org.apache.maven.surefire.junit4.JUnit4Provider.execute(JUnit4Provider.java:316)
	at org.apache.maven.surefire.junit4.JUnit4Provider.executeWithRerun(JUnit4Provider.java:240)
	at org.apache.maven.surefire.junit4.JUnit4Provider.executeTestSet(JUnit4Provider.java:214)
	at org.apache.maven.surefire.junit4.JUnit4Provider.invoke(JUnit4Provider.java:155)
	at org.apache.maven.surefire.booter.ForkedBooter.runSuitesInProcess(ForkedBooter.java:385)
	at org.apache.maven.surefire.booter.ForkedBooter.execute(ForkedBooter.java:162)
	at org.apache.maven.surefire.booter.ForkedBooter.run(ForkedBooter.java:507)
	at org.apache.maven.surefire.booter.ForkedBooter.main(ForkedBooter.java:495)
]]></error>
  </testcase>
</testsuite>