<?xml version="1.0" encoding="UTF-8"?>
<testsuite xmlns:xsi="http://www.w3.org/2001/XMLSchema-instance" xsi:noNamespaceSchemaLocation="https://maven.apache.org/surefire/maven-surefire-plugin/xsd/surefire-test-report-3.0.xsd" version="3.0" name="com.phasmidsoftware.dsaipg.sort.par.ParSortTest" time="0.178" tests="16" errors="2" skipped="0" failures="0">
  <properties>
    <property name="java.specification.version" value="19"/>
    <property name="sun.cpu.isalist" value="amd64"/>
    <property name="sun.jnu.encoding" value="Cp1252"/>
    <property name="java.class.path" value="D:\NEU CousreWorks\PSA\DSAIPG\target\test-classes;D:\NEU CousreWorks\PSA\DSAIPG\target\classes;C:\Users\riyas\.m2\repository\com\phasmidsoftware\args_2.13\1.0.3\args_2.13-1.0.3.jar;C:\Users\riyas\.m2\repository\org\scala-lang\scala-library\2.13.7\scala-library-2.13.7.jar;C:\Users\riyas\.m2\repository\org\scala-lang\modules\scala-parser-combinators_2.13\1.1.2\scala-parser-combinators_2.13-1.1.2.jar;C:\Users\riyas\.m2\repository\com\phasmidsoftware\number_2.13\1.0.12\number_2.13-1.0.12.jar;C:\Users\riyas\.m2\repository\com\phasmidsoftware\flog_2.13\1.0.8\flog_2.13-1.0.8.jar;C:\Users\riyas\.m2\repository\org\slf4j\slf4j-api\1.7.30\slf4j-api-1.7.30.jar;C:\Users\riyas\.m2\repository\com\phasmidsoftware\matchers_2.13\1.0.5\matchers_2.13-1.0.5.jar;C:\Users\riyas\.m2\repository\org\scala-lang\scala-compiler\2.13.6\scala-compiler-2.13.6.jar;C:\Users\riyas\.m2\repository\org\scala-lang\scala-reflect\2.13.6\scala-reflect-2.13.6.jar;C:\Users\riyas\.m2\repository\org\jline\jline\3.19.0\jline-3.19.0.jar;C:\Users\riyas\.m2\repository\net\java\dev\jna\jna\5.3.1\jna-5.3.1.jar;C:\Users\riyas\.m2\repository\org\apache\commons\commons-math3\3.6.1\commons-math3-3.6.1.jar;C:\Users\riyas\.m2\repository\org\apache\logging\log4j\log4j-api\2.19.0\log4j-api-2.19.0.jar;C:\Users\riyas\.m2\repository\log4j\log4j\1.2.17\log4j-1.2.17.jar;C:\Users\riyas\.m2\repository\com\google\guava\guava\31.1-jre\guava-31.1-jre.jar;C:\Users\riyas\.m2\repository\com\google\guava\failureaccess\1.0.1\failureaccess-1.0.1.jar;C:\Users\riyas\.m2\repository\com\google\guava\listenablefuture\9999.0-empty-to-avoid-conflict-with-guava\listenablefuture-9999.0-empty-to-avoid-conflict-with-guava.jar;C:\Users\riyas\.m2\repository\com\google\code\findbugs\jsr305\3.0.2\jsr305-3.0.2.jar;C:\Users\riyas\.m2\repository\org\checkerframework\checker-qual\3.12.0\checker-qual-3.12.0.jar;C:\Users\riyas\.m2\repository\com\google\errorprone\error_prone_annotations\2.11.0\error_prone_annotations-2.11.0.jar;C:\Users\riyas\.m2\repository\com\google\j2objc\j2objc-annotations\1.3\j2objc-annotations-1.3.jar;C:\Users\riyas\.m2\repository\org\ini4j\ini4j\0.5.4\ini4j-0.5.4.jar;C:\Users\riyas\.m2\repository\junit\junit\4.13.2\junit-4.13.2.jar;C:\Users\riyas\.m2\repository\org\hamcrest\hamcrest-core\1.3\hamcrest-core-1.3.jar;C:\Users\riyas\.m2\repository\io\cucumber\cucumber-java\7.8.1\cucumber-java-7.8.1.jar;C:\Users\riyas\.m2\repository\io\cucumber\cucumber-core\7.8.1\cucumber-core-7.8.1.jar;C:\Users\riyas\.m2\repository\io\cucumber\cucumber-gherkin\7.8.1\cucumber-gherkin-7.8.1.jar;C:\Users\riyas\.m2\repository\io\cucumber\cucumber-gherkin-messages\7.8.1\cucumber-gherkin-messages-7.8.1.jar;C:\Users\riyas\.m2\repository\io\cucumber\gherkin\24.0.0\gherkin-24.0.0.jar;C:\Users\riyas\.m2\repository\io\cucumber\messages\19.1.4\messages-19.1.4.jar;C:\Users\riyas\.m2\repository\io\cucumber\tag-expressions\4.1.0\tag-expressions-4.1.0.jar;C:\Users\riyas\.m2\repository\io\cucumber\cucumber-expressions\16.0.0\cucumber-expressions-16.0.0.jar;C:\Users\riyas\.m2\repository\io\cucumber\datatable\7.8.1\datatable-7.8.1.jar;C:\Users\riyas\.m2\repository\io\cucumber\cucumber-plugin\7.8.1\cucumber-plugin-7.8.1.jar;C:\Users\riyas\.m2\repository\io\cucumber\docstring\7.8.1\docstring-7.8.1.jar;C:\Users\riyas\.m2\repository\io\cucumber\html-formatter\20.1.0\html-formatter-20.1.0.jar;C:\Users\riyas\.m2\repository\io\cucumber\ci-environment\9.1.0\ci-environment-9.1.0.jar;C:\Users\riyas\.m2\repository\org\apiguardian\apiguardian-api\1.1.2\apiguardian-api-1.1.2.jar;C:\Users\riyas\.m2\repository\io\cucumber\cucumber-junit\7.8.1\cucumber-junit-7.8.1.jar;C:\Users\riyas\.m2\repository\com\belerweb\pinyin4j\2.5.1\pinyin4j-2.5.1.jar;C:\Users\riyas\.m2\repository\org\jetbrains\annotations\13.0\annotations-13.0.jar;"/>
    <property name="java.vm.vendor" value="Oracle Corporation"/>
    <property name="sun.arch.data.model" value="64"/>
    <property name="user.variant" value=""/>
    <property name="java.vendor.url" value="https://java.oracle.com/"/>
    <property name="user.timezone" value="America/New_York"/>
    <property name="os.name" value="Windows 11"/>
    <property name="java.vm.specification.version" value="19"/>
    <property name="user.country" value="IN"/>
    <property name="sun.java.launcher" value="SUN_STANDARD"/>
    <property name="sun.boot.library.path" value="C:\Program Files\Java\jdk-19\bin"/>
    <property name="sun.java.command" value="C:\Users\riyas\AppData\Local\Temp\surefire17301286852641085546\surefirebooter-20250324120047794_3.jar C:\Users\riyas\AppData\Local\Temp\surefire17301286852641085546 2025-03-24T12-00-47_262-jvmRun1 surefire-20250324120047794_1tmp surefire_0-20250324120047794_2tmp"/>
    <property name="jdk.debug" value="release"/>
    <property name="test" value="com.phasmidsoftware.dsaipg.sort.par.ParSortTest"/>
    <property name="surefire.test.class.path" value="D:\NEU CousreWorks\PSA\DSAIPG\target\test-classes;D:\NEU CousreWorks\PSA\DSAIPG\target\classes;C:\Users\riyas\.m2\repository\com\phasmidsoftware\args_2.13\1.0.3\args_2.13-1.0.3.jar;C:\Users\riyas\.m2\repository\org\scala-lang\scala-library\2.13.7\scala-library-2.13.7.jar;C:\Users\riyas\.m2\repository\org\scala-lang\modules\scala-parser-combinators_2.13\1.1.2\scala-parser-combinators_2.13-1.1.2.jar;C:\Users\riyas\.m2\repository\com\phasmidsoftware\number_2.13\1.0.12\number_2.13-1.0.12.jar;C:\Users\riyas\.m2\repository\com\phasmidsoftware\flog_2.13\1.0.8\flog_2.13-1.0.8.jar;C:\Users\riyas\.m2\repository\org\slf4j\slf4j-api\1.7.30\slf4j-api-1.7.30.jar;C:\Users\riyas\.m2\repository\com\phasmidsoftware\matchers_2.13\1.0.5\matchers_2.13-1.0.5.jar;C:\Users\riyas\.m2\repository\org\scala-lang\scala-compiler\2.13.6\scala-compiler-2.13.6.jar;C:\Users\riyas\.m2\repository\org\scala-lang\scala-reflect\2.13.6\scala-reflect-2.13.6.jar;C:\Users\riyas\.m2\repository\org\jline\jline\3.19.0\jline-3.19.0.jar;C:\Users\riyas\.m2\repository\net\java\dev\jna\jna\5.3.1\jna-5.3.1.jar;C:\Users\riyas\.m2\repository\org\apache\commons\commons-math3\3.6.1\commons-math3-3.6.1.jar;C:\Users\riyas\.m2\repository\org\apache\logging\log4j\log4j-api\2.19.0\log4j-api-2.19.0.jar;C:\Users\riyas\.m2\repository\log4j\log4j\1.2.17\log4j-1.2.17.jar;C:\Users\riyas\.m2\repository\com\google\guava\guava\31.1-jre\guava-31.1-jre.jar;C:\Users\riyas\.m2\repository\com\google\guava\failureaccess\1.0.1\failureaccess-1.0.1.jar;C:\Users\riyas\.m2\repository\com\google\guava\listenablefuture\9999.0-empty-to-avoid-conflict-with-guava\listenablefuture-9999.0-empty-to-avoid-conflict-with-guava.jar;C:\Users\riyas\.m2\repository\com\google\code\findbugs\jsr305\3.0.2\jsr305-3.0.2.jar;C:\Users\riyas\.m2\repository\org\checkerframework\checker-qual\3.12.0\checker-qual-3.12.0.jar;C:\Users\riyas\.m2\repository\com\google\errorprone\error_prone_annotations\2.11.0\error_prone_annotations-2.11.0.jar;C:\Users\riyas\.m2\repository\com\google\j2objc\j2objc-annotations\1.3\j2objc-annotations-1.3.jar;C:\Users\riyas\.m2\repository\org\ini4j\ini4j\0.5.4\ini4j-0.5.4.jar;C:\Users\riyas\.m2\repository\junit\junit\4.13.2\junit-4.13.2.jar;C:\Users\riyas\.m2\repository\org\hamcrest\hamcrest-core\1.3\hamcrest-core-1.3.jar;C:\Users\riyas\.m2\repository\io\cucumber\cucumber-java\7.8.1\cucumber-java-7.8.1.jar;C:\Users\riyas\.m2\repository\io\cucumber\cucumber-core\7.8.1\cucumber-core-7.8.1.jar;C:\Users\riyas\.m2\repository\io\cucumber\cucumber-gherkin\7.8.1\cucumber-gherkin-7.8.1.jar;C:\Users\riyas\.m2\repository\io\cucumber\cucumber-gherkin-messages\7.8.1\cucumber-gherkin-messages-7.8.1.jar;C:\Users\riyas\.m2\repository\io\cucumber\gherkin\24.0.0\gherkin-24.0.0.jar;C:\Users\riyas\.m2\repository\io\cucumber\messages\19.1.4\messages-19.1.4.jar;C:\Users\riyas\.m2\repository\io\cucumber\tag-expressions\4.1.0\tag-expressions-4.1.0.jar;C:\Users\riyas\.m2\repository\io\cucumber\cucumber-expressions\16.0.0\cucumber-expressions-16.0.0.jar;C:\Users\riyas\.m2\repository\io\cucumber\datatable\7.8.1\datatable-7.8.1.jar;C:\Users\riyas\.m2\repository\io\cucumber\cucumber-plugin\7.8.1\cucumber-plugin-7.8.1.jar;C:\Users\riyas\.m2\repository\io\cucumber\docstring\7.8.1\docstring-7.8.1.jar;C:\Users\riyas\.m2\repository\io\cucumber\html-formatter\20.1.0\html-formatter-20.1.0.jar;C:\Users\riyas\.m2\repository\io\cucumber\ci-environment\9.1.0\ci-environment-9.1.0.jar;C:\Users\riyas\.m2\repository\org\apiguardian\apiguardian-api\1.1.2\apiguardian-api-1.1.2.jar;C:\Users\riyas\.m2\repository\io\cucumber\cucumber-junit\7.8.1\cucumber-junit-7.8.1.jar;C:\Users\riyas\.m2\repository\com\belerweb\pinyin4j\2.5.1\pinyin4j-2.5.1.jar;C:\Users\riyas\.m2\repository\org\jetbrains\annotations\13.0\annotations-13.0.jar;"/>
    <property name="sun.cpu.endian" value="little"/>
    <property name="user.home" value="C:\Users\riyas"/>
    <property name="user.language" value="en"/>
    <property name="java.specification.vendor" value="Oracle Corporation"/>
    <property name="java.version.date" value="2023-01-17"/>
    <property name="java.home" value="C:\Program Files\Java\jdk-19"/>
    <property name="file.separator" value="\"/>
    <property name="basedir" value="D:\NEU CousreWorks\PSA\DSAIPG"/>
    <property name="java.vm.compressedOopsMode" value="32-bit"/>
    <property name="line.separator" value="&#10;"/>
    <property name="java.vm.specification.vendor" value="Oracle Corporation"/>
    <property name="java.specification.name" value="Java Platform API Specification"/>
    <property name="surefire.real.class.path" value="C:\Users\riyas\AppData\Local\Temp\surefire17301286852641085546\surefirebooter-20250324120047794_3.jar"/>
    <property name="user.script" value=""/>
    <property name="sun.management.compiler" value="HotSpot 64-Bit Tiered Compilers"/>
    <property name="java.runtime.version" value="19.0.2+7-44"/>
    <property name="user.name" value="riyas"/>
    <property name="stdout.encoding" value="Cp1252"/>
    <property name="path.separator" value=";"/>
    <property name="os.version" value="10.0"/>
    <property name="java.runtime.name" value="Java(TM) SE Runtime Environment"/>
    <property name="file.encoding" value="UTF-8"/>
    <property name="java.vm.name" value="Java HotSpot(TM) 64-Bit Server VM"/>
    <property name="maven.ext.class.path" value="C:\Users\riyas\.vscode\extensions\oracle.oracle-java-23.1.0\nbcode\java\maven-nblib\netbeans-eventspy.jar"/>
    <property name="localRepository" value="C:\Users\riyas\.m2\repository"/>
    <property name="java.vendor.url.bug" value="https://bugreport.java.com/bugreport/"/>
    <property name="java.io.tmpdir" value="C:\Users\riyas\AppData\Local\Temp\"/>
    <property name="java.version" value="19.0.2"/>
    <property name="user.dir" value="D:\NEU CousreWorks\PSA\DSAIPG"/>
    <property name="os.arch" value="amd64"/>
    <property name="java.vm.specification.name" value="Java Virtual Machine Specification"/>
    <property name="sun.os.patch.level" value=""/>
    <property name="native.encoding" value="Cp1252"/>
    <property name="java.library.path" value="C:\Program Files\Java\jdk-19\bin;C:\WINDOWS\Sun\Java\bin;C:\WINDOWS\system32;C:\WINDOWS;C:\Program Files\Common Files\Oracle\Java\javapath;C:\Program Files\Java\jdk-18.0.1.1\bin;C:\Program Files\nodejs\;C:\ProgramData\chocolatey\bin;C:\Program Files (x86)\Microsoft SQL Server\160\Tools\Binn\;C:\Program Files\Microsoft SQL Server\160\Tools\Binn\;C:\Program Files\Microsoft SQL Server\Client SDK\ODBC\170\Tools\Binn\;C:\Program Files\Microsoft SQL Server\160\DTS\Binn\;C:\Program Files (x86)\Microsoft SQL Server\160\DTS\Binn\;C:\WINDOWS\system32;C:\WINDOWS;C:\WINDOWS\System32\Wbem;C:\WINDOWS\System32\WindowsPowerShell\v1.0\;C:\WINDOWS\System32\OpenSSH\;C:\Users\riyas\AppData\Local\Programs\Python\Python313\Scripts\;C:\Users\riyas\AppData\Local\Programs\Python\Python313\;C:\Program Files\Java\jdk-18.0.1.1\bin;C:\Users\riyas\AppData\Local\Programs\Microsoft VS Code\bin;C:\Program Files\Git\cmd;C:\Users\riyas\AppData\Local\GitHubDesktop\bin;C:\Users\riyas\AppData\Roaming\npm;C:\Users\riyas\AppData\Local\Microsoft\WindowsApps;C:\Users\riyas\AppData\Local\Programs\Python\;C:\Users\riyas\AppData\Local\Programs\Python\Scripts\;;."/>
    <property name="java.vm.info" value="mixed mode, sharing"/>
    <property name="stderr.encoding" value="Cp1252"/>
    <property name="java.vendor" value="Oracle Corporation"/>
    <property name="java.vm.version" value="19.0.2+7-44"/>
    <property name="sun.io.unicode.encoding" value="UnicodeLittle"/>
    <property name="java.class.version" value="63.0"/>
  </properties>
  <testcase name="testSortInvalidRangeKeepsArrayIntact" classname="com.phasmidsoftware.dsaipg.sort.par.ParSortTest" time="0.016"/>
  <testcase name="testSortNullArray" classname="com.phasmidsoftware.dsaipg.sort.par.ParSortTest" time="0.0"/>
  <testcase name="testSortEmptyArray" classname="com.phasmidsoftware.dsaipg.sort.par.ParSortTest" time="0.001"/>
  <testcase name="testSortOverlappingRange" classname="com.phasmidsoftware.dsaipg.sort.par.ParSortTest" time="0.0"/>
  <testcase name="testSortWithDuplicateValues" classname="com.phasmidsoftware.dsaipg.sort.par.ParSortTest" time="0.0"/>
  <testcase name="testSortPartialArray" classname="com.phasmidsoftware.dsaipg.sort.par.ParSortTest" time="0.001"/>
  <testcase name="testSortWithHighCutoff" classname="com.phasmidsoftware.dsaipg.sort.par.ParSortTest" time="0.001"/>
  <testcase name="testSortNegativeRange" classname="com.phasmidsoftware.dsaipg.sort.par.ParSortTest" time="0.003"/>
  <testcase name="testSortAllIdenticalElements" classname="com.phasmidsoftware.dsaipg.sort.par.ParSortTest" time="0.001"/>
  <testcase name="testSortReverseSortedArray" classname="com.phasmidsoftware.dsaipg.sort.par.ParSortTest" time="0.002"/>
  <testcase name="testSortRandomLargeArray" classname="com.phasmidsoftware.dsaipg.sort.par.ParSortTest" time="0.024">
    <error message="Cannot invoke &quot;java.util.concurrent.CompletableFuture.thenCombine(java.util.concurrent.CompletionStage, java.util.function.BiFunction)&quot; because &quot;completableFuture1&quot; is null" type="java.lang.NullPointerException"><![CDATA[java.lang.NullPointerException: Cannot invoke "java.util.concurrent.CompletableFuture.thenCombine(java.util.concurrent.CompletionStage, java.util.function.BiFunction)" because "completableFuture1" is null
	at com.phasmidsoftware.dsaipg.sort.par.ParSort.sort(ParSort.java:43)
	at com.phasmidsoftware.dsaipg.sort.par.ParSortTest.testSortRandomLargeArray(ParSortTest.java:87)
	at java.base/jdk.internal.reflect.DirectMethodHandleAccessor.invoke(DirectMethodHandleAccessor.java:104)
	at java.base/java.lang.reflect.Method.invoke(Method.java:578)
	at org.junit.runners.model.FrameworkMethod$1.runReflectiveCall(FrameworkMethod.java:59)
	at org.junit.internal.runners.model.ReflectiveCallable.run(ReflectiveCallable.java:12)
	at org.junit.runners.model.FrameworkMethod.invokeExplosively(FrameworkMethod.java:56)
	at org.junit.internal.runners.statements.InvokeMethod.evaluate(InvokeMethod.java:17)
	at org.junit.runners.ParentRunner$3.evaluate(ParentRunner.java:306)
	at org.junit.runners.BlockJUnit4ClassRunner$1.evaluate(BlockJUnit4ClassRunner.java:100)
	at org.junit.runners.ParentRunner.runLeaf(ParentRunner.java:366)
	at org.junit.runners.BlockJUnit4ClassRunner.runChild(BlockJUnit4ClassRunner.java:103)
	at org.junit.runners.BlockJUnit4ClassRunner.runChild(BlockJUnit4ClassRunner.java:63)
	at org.junit.runners.ParentRunner$4.run(ParentRunner.java:331)
	at org.junit.runners.ParentRunner$1.schedule(ParentRunner.java:79)
	at org.junit.runners.ParentRunner.runChildren(ParentRunner.java:329)
	at org.junit.runners.ParentRunner.access$100(ParentRunner.java:66)
	at org.junit.runners.ParentRunner$2.evaluate(ParentRunner.java:293)
	at org.junit.runners.ParentRunner$3.evaluate(ParentRunner.java:306)
	at org.junit.runners.ParentRunner.run(ParentRunner.java:413)
	at org.apache.maven.surefire.junit4.JUnit4Provider.execute(JUnit4Provider.java:316)
	at org.apache.maven.surefire.junit4.JUnit4Provider.executeWithRerun(JUnit4Provider.java:240)
	at org.apache.maven.surefire.junit4.JUnit4Provider.executeTestSet(JUnit4Provider.java:214)
	at org.apache.maven.surefire.junit4.JUnit4Provider.invoke(JUnit4Provider.java:155)
	at org.apache.maven.surefire.booter.ForkedBooter.runSuitesInProcess(ForkedBooter.java:385)
	at org.apache.maven.surefire.booter.ForkedBooter.execute(ForkedBooter.java:162)
	at org.apache.maven.surefire.booter.ForkedBooter.run(ForkedBooter.java:507)
	at org.apache.maven.surefire.booter.ForkedBooter.main(ForkedBooter.java:495)
]]></error>
  </testcase>
  <testcase name="testSortWithNegativeNumbers" classname="com.phasmidsoftware.dsaipg.sort.par.ParSortTest" time="0.0"/>
  <testcase name="testSortSmallArray" classname="com.phasmidsoftware.dsaipg.sort.par.ParSortTest" time="0.0"/>
  <testcase name="testSortAlreadySortedArray" classname="com.phasmidsoftware.dsaipg.sort.par.ParSortTest" time="0.001"/>
  <testcase name="testSortSingleElementArray" classname="com.phasmidsoftware.dsaipg.sort.par.ParSortTest" time="0.0"/>
  <testcase name="testSortLargeArray" classname="com.phasmidsoftware.dsaipg.sort.par.ParSortTest" time="0.003">
    <error message="Cannot invoke &quot;java.util.concurrent.CompletableFuture.thenCombine(java.util.concurrent.CompletionStage, java.util.function.BiFunction)&quot; because &quot;completableFuture1&quot; is null" type="java.lang.NullPointerException"><![CDATA[java.lang.NullPointerException: Cannot invoke "java.util.concurrent.CompletableFuture.thenCombine(java.util.concurrent.CompletionStage, java.util.function.BiFunction)" because "completableFuture1" is null
	at com.phasmidsoftware.dsaipg.sort.par.ParSort.sort(ParSort.java:43)
	at com.phasmidsoftware.dsaipg.sort.par.ParSortTest.testSortLargeArray(ParSortTest.java:29)
	at java.base/jdk.internal.reflect.DirectMethodHandleAccessor.invoke(DirectMethodHandleAccessor.java:104)
	at java.base/java.lang.reflect.Method.invoke(Method.java:578)
	at org.junit.runners.model.FrameworkMethod$1.runReflectiveCall(FrameworkMethod.java:59)
	at org.junit.internal.runners.model.ReflectiveCallable.run(ReflectiveCallable.java:12)
	at org.junit.runners.model.FrameworkMethod.invokeExplosively(FrameworkMethod.java:56)
	at org.junit.internal.runners.statements.InvokeMethod.evaluate(InvokeMethod.java:17)
	at org.junit.runners.ParentRunner$3.evaluate(ParentRunner.java:306)
	at org.junit.runners.BlockJUnit4ClassRunner$1.evaluate(BlockJUnit4ClassRunner.java:100)
	at org.junit.runners.ParentRunner.runLeaf(ParentRunner.java:366)
	at org.junit.runners.BlockJUnit4ClassRunner.runChild(BlockJUnit4ClassRunner.java:103)
	at org.junit.runners.BlockJUnit4ClassRunner.runChild(BlockJUnit4ClassRunner.java:63)
	at org.junit.runners.ParentRunner$4.run(ParentRunner.java:331)
	at org.junit.runners.ParentRunner$1.schedule(ParentRunner.java:79)
	at org.junit.runners.ParentRunner.runChildren(ParentRunner.java:329)
	at org.junit.runners.ParentRunner.access$100(ParentRunner.java:66)
	at org.junit.runners.ParentRunner$2.evaluate(ParentRunner.java:293)
	at org.junit.runners.ParentRunner$3.evaluate(ParentRunner.java:306)
	at org.junit.runners.ParentRunner.run(ParentRunner.java:413)
	at org.apache.maven.surefire.junit4.JUnit4Provider.execute(JUnit4Provider.java:316)
	at org.apache.maven.surefire.junit4.JUnit4Provider.executeWithRerun(JUnit4Provider.java:240)
	at org.apache.maven.surefire.junit4.JUnit4Provider.executeTestSet(JUnit4Provider.java:214)
	at org.apache.maven.surefire.junit4.JUnit4Provider.invoke(JUnit4Provider.java:155)
	at org.apache.maven.surefire.booter.ForkedBooter.runSuitesInProcess(ForkedBooter.java:385)
	at org.apache.maven.surefire.booter.ForkedBooter.execute(ForkedBooter.java:162)
	at org.apache.maven.surefire.booter.ForkedBooter.run(ForkedBooter.java:507)
	at org.apache.maven.surefire.booter.ForkedBooter.main(ForkedBooter.java:495)
]]></error>
  </testcase>
</testsuite>